[2019-12-19T18:58:30.341] [DEBUG] cheese - login => username:zs,password:123456
[2019-12-19T18:58:30.343] [DEBUG] cheese - zs
[2019-12-19T18:58:30.358] [DEBUG] cheese - null
[2019-12-19T18:58:30.358] [DEBUG] cheese - null
[2019-12-20T00:53:02.085] [DEBUG] cheese - login => username:admin,password:123456
[2019-12-20T00:53:02.087] [DEBUG] cheese - admin
[2019-12-20T00:53:02.097] [DEBUG] cheese - null
[2019-12-20T00:53:02.098] [DEBUG] cheese - null
[2019-12-20T00:53:10.242] [DEBUG] cheese - login => username:admin,password:123456
[2019-12-20T00:53:10.243] [DEBUG] cheese - admin
[2019-12-20T00:53:10.247] [DEBUG] cheese - null
[2019-12-20T00:53:10.247] [DEBUG] cheese - null
[2019-12-20T00:54:23.237] [DEBUG] cheese - login => username:admin,password:123456
[2019-12-20T00:54:23.238] [DEBUG] cheese - admin
[2019-12-20T00:54:23.241] [DEBUG] cheese - null
[2019-12-20T00:54:23.241] [DEBUG] cheese - null
[2019-12-20T00:54:59.737] [DEBUG] cheese - login => username:admin,password:123456
[2019-12-20T00:54:59.738] [DEBUG] cheese - admin
[2019-12-20T00:54:59.746] [DEBUG] cheese - null
[2019-12-20T00:54:59.746] [DEBUG] cheese - null
[2019-12-20T00:56:27.953] [DEBUG] cheese - login => username:admin,password:123456
[2019-12-20T00:56:27.954] [DEBUG] cheese - admin
[2019-12-20T00:56:27.957] [DEBUG] cheese - null
[2019-12-20T00:56:27.957] [DEBUG] cheese - null
[2019-12-20T00:56:40.019] [DEBUG] cheese - login => username:admin,password:123456
[2019-12-20T00:56:40.019] [DEBUG] cheese - admin
[2019-12-20T00:56:40.022] [DEBUG] cheese - null
[2019-12-20T00:56:40.023] [DEBUG] cheese - null
[2019-12-20T00:56:59.412] [DEBUG] cheese - login => username:admin,password:123456
[2019-12-20T00:56:59.412] [DEBUG] cheese - admin
[2019-12-20T00:56:59.415] [DEBUG] cheese - null
[2019-12-20T00:56:59.415] [DEBUG] cheese - null
[2019-12-20T00:57:19.568] [DEBUG] cheese - login => username:admin,password:123456
[2019-12-20T00:57:19.568] [DEBUG] cheese - admin
[2019-12-20T00:57:19.572] [DEBUG] cheese - null
[2019-12-20T00:57:19.572] [DEBUG] cheese - null
[2019-12-20T01:00:42.683] [DEBUG] cheese - login => username:admin,password:123456
[2019-12-20T01:00:42.683] [DEBUG] cheese - admin
[2019-12-20T01:00:42.685] [DEBUG] cheese - null
[2019-12-20T01:00:42.686] [DEBUG] cheese - null
[2019-12-20T01:01:02.529] [DEBUG] cheese - login => username:admin,password:123456
[2019-12-20T01:01:02.529] [DEBUG] cheese - admin
[2019-12-20T01:01:02.533] [DEBUG] cheese - null
[2019-12-20T01:01:02.533] [DEBUG] cheese - null
[2019-12-20T01:02:12.553] [DEBUG] cheese - login => username:admin,password:123456
[2019-12-20T01:02:12.554] [DEBUG] cheese - admin
[2019-12-20T01:02:12.556] [DEBUG] cheese - null
[2019-12-20T01:02:12.556] [DEBUG] cheese - null
[2019-12-20T01:05:24.180] [DEBUG] cheese - login => username:admin,password:123456
[2019-12-20T01:05:24.181] [DEBUG] cheese - admin
[2019-12-20T01:05:24.184] [DEBUG] cheese - null
[2019-12-20T01:05:24.184] [DEBUG] cheese - null
[2019-12-20T01:15:43.930] [DEBUG] cheese - login => username:admin,password:123456
[2019-12-20T01:15:43.931] [DEBUG] cheese - admin
[2019-12-20T01:15:43.934] [DEBUG] cheese - null
[2019-12-20T01:15:43.934] [DEBUG] cheese - null
[2019-12-20T01:15:48.931] [DEBUG] cheese - login => username:admin,password:123456
[2019-12-20T01:15:48.931] [DEBUG] cheese - admin
[2019-12-20T01:15:48.934] [DEBUG] cheese - null
[2019-12-20T01:15:48.934] [DEBUG] cheese - null
[2019-12-20T01:15:51.664] [DEBUG] cheese - login => username:admin,password:123456
[2019-12-20T01:15:51.664] [DEBUG] cheese - admin
[2019-12-20T01:15:51.666] [DEBUG] cheese - null
[2019-12-20T01:15:51.666] [DEBUG] cheese - null
[2019-12-20T01:16:20.749] [DEBUG] cheese - login => username:admin,password:123456
[2019-12-20T01:16:20.749] [DEBUG] cheese - admin
[2019-12-20T01:16:20.751] [DEBUG] cheese - null
[2019-12-20T01:16:20.752] [DEBUG] cheese - null
[2019-12-20T01:16:22.237] [DEBUG] cheese - login => username:admin,password:123456
[2019-12-20T01:16:22.237] [DEBUG] cheese - admin
[2019-12-20T01:16:22.240] [DEBUG] cheese - null
[2019-12-20T01:16:22.240] [DEBUG] cheese - null
[2019-12-20T01:17:17.298] [DEBUG] cheese - login => username:admin,password:123456
[2019-12-20T01:17:17.298] [DEBUG] cheese - admin
[2019-12-20T01:17:17.301] [DEBUG] cheese - null
[2019-12-20T01:17:17.301] [DEBUG] cheese - null
[2019-12-20T01:17:51.030] [DEBUG] cheese - login => username:admin,password:123456
[2019-12-20T01:17:51.031] [DEBUG] cheese - admin
[2019-12-20T01:17:51.034] [DEBUG] cheese - null
[2019-12-20T01:17:51.034] [DEBUG] cheese - null
[2019-12-20T01:21:07.013] [DEBUG] cheese - login => username:admin,password:123456
[2019-12-20T01:21:07.013] [DEBUG] cheese - admin
[2019-12-20T01:21:07.017] [DEBUG] cheese - null
[2019-12-20T01:21:07.017] [DEBUG] cheese - null
[2019-12-20T01:21:19.272] [DEBUG] cheese - login => username:admin,password:123456
[2019-12-20T01:21:19.272] [DEBUG] cheese - admin
[2019-12-20T01:21:19.275] [DEBUG] cheese - null
[2019-12-20T01:21:19.275] [DEBUG] cheese - null
[2019-12-20T01:23:36.105] [DEBUG] cheese - login => username:admin,password:123456
[2019-12-20T01:23:36.105] [DEBUG] cheese - admin
[2019-12-20T01:23:36.107] [DEBUG] cheese - null
[2019-12-20T01:23:36.107] [DEBUG] cheese - null
[2019-12-20T01:23:41.051] [DEBUG] cheese - login => username:admin,password:123456
[2019-12-20T01:23:41.051] [DEBUG] cheese - admin
[2019-12-20T01:23:41.054] [DEBUG] cheese - null
[2019-12-20T01:23:41.054] [DEBUG] cheese - null
[2019-12-20T14:46:07.304] [DEBUG] cheese - login => username:admin,password:123456
[2019-12-20T14:46:07.308] [DEBUG] cheese - admin
[2019-12-20T14:46:07.359] [DEBUG] cheese - null
[2019-12-20T14:46:07.359] [DEBUG] cheese - null
[2019-12-20T15:04:37.425] [DEBUG] cheese - login => username:admin,password:123456
[2019-12-20T15:04:37.426] [DEBUG] cheese - admin
[2019-12-20T15:04:37.429] [DEBUG] cheese - null
[2019-12-20T15:04:37.430] [DEBUG] cheese - null
[2019-12-20T15:50:02.578] [DEBUG] cheese - login => username:admin,password:123456
[2019-12-20T15:50:02.579] [DEBUG] cheese - admin
[2019-12-20T15:50:02.591] [DEBUG] cheese - null
[2019-12-20T15:50:02.591] [DEBUG] cheese - null
[2019-12-20T15:51:08.550] [DEBUG] cheese - login => username:admin,password:123456
[2019-12-20T15:51:08.550] [DEBUG] cheese - admin
[2019-12-20T15:51:08.553] [DEBUG] cheese - null
[2019-12-20T15:51:08.553] [DEBUG] cheese - null
[2019-12-20T15:51:51.494] [DEBUG] cheese - login => username:admin,password:123456
[2019-12-20T15:51:51.494] [DEBUG] cheese - admin
[2019-12-20T15:51:51.499] [DEBUG] cheese - null
[2019-12-20T15:51:51.499] [DEBUG] cheese - null
[2019-12-20T15:53:08.068] [DEBUG] cheese - login => username:admin,password:123456
[2019-12-20T15:53:08.068] [DEBUG] cheese - admin
[2019-12-20T15:53:08.071] [DEBUG] cheese - null
[2019-12-20T15:53:08.071] [DEBUG] cheese - null
[2019-12-20T15:53:22.803] [DEBUG] cheese - login => username:admin,password:123456
[2019-12-20T15:53:22.803] [DEBUG] cheese - admin
[2019-12-20T15:53:22.806] [DEBUG] cheese - null
[2019-12-20T15:53:22.807] [DEBUG] cheese - null
[2019-12-20T16:51:35.907] [DEBUG] cheese - login => username:admin,password:123456
[2019-12-20T16:51:35.908] [DEBUG] cheese - admin
[2019-12-20T16:51:35.914] [DEBUG] cheese - null
[2019-12-20T16:51:35.914] [DEBUG] cheese - null
[2019-12-20T17:48:31.823] [DEBUG] cheese - login => username:admin,password:123456
[2019-12-20T17:48:31.824] [DEBUG] cheese - admin
[2019-12-20T17:48:31.830] [DEBUG] cheese - null
[2019-12-20T17:48:31.830] [DEBUG] cheese - null
[2019-12-20T17:51:47.170] [DEBUG] cheese - login => username:admin,password:123456
[2019-12-20T17:51:47.170] [DEBUG] cheese - admin
[2019-12-20T17:51:47.173] [DEBUG] cheese - null
[2019-12-20T17:51:47.173] [DEBUG] cheese - null
[2019-12-20T19:05:50.692] [DEBUG] cheese - login => username:admin,password:123456
[2019-12-20T19:05:50.697] [DEBUG] cheese - admin
[2019-12-20T19:05:50.718] [DEBUG] cheese - null
[2019-12-20T19:05:50.718] [DEBUG] cheese - null
[2019-12-20T19:33:48.751] [DEBUG] cheese - login => username:admin,password:123456
[2019-12-20T19:33:48.752] [DEBUG] cheese - admin
[2019-12-20T19:33:48.756] [DEBUG] cheese - null
[2019-12-20T19:33:48.756] [DEBUG] cheese - null
[2019-12-20T19:49:31.924] [DEBUG] cheese - login => username:admin,password:123456
[2019-12-20T19:49:31.924] [DEBUG] cheese - admin
[2019-12-20T19:49:31.926] [DEBUG] cheese - null
[2019-12-20T19:49:31.926] [DEBUG] cheese - null
[2019-12-20T19:54:28.864] [DEBUG] cheese - login => username:admin,password:123456
[2019-12-20T19:54:28.864] [DEBUG] cheese - admin
[2019-12-20T19:54:28.867] [DEBUG] cheese - null
[2019-12-20T19:54:28.867] [DEBUG] cheese - null
[2019-12-20T19:54:32.742] [DEBUG] cheese - login => username:admin,password:123456
[2019-12-20T19:54:32.743] [DEBUG] cheese - admin
[2019-12-20T19:54:32.745] [DEBUG] cheese - null
[2019-12-20T19:54:32.745] [DEBUG] cheese - null
[2019-12-20T21:39:20.564] [DEBUG] cheese - login => username:admin,password:123456
[2019-12-20T21:39:20.564] [DEBUG] cheese - admin
[2019-12-20T21:39:20.567] [DEBUG] cheese - null
[2019-12-20T21:39:20.568] [DEBUG] cheese - null
[2019-12-20T21:49:36.335] [DEBUG] cheese - login => username:admin,password:123456
[2019-12-20T21:49:36.335] [DEBUG] cheese - admin
[2019-12-20T21:49:36.340] [DEBUG] cheese - null
[2019-12-20T21:49:36.340] [DEBUG] cheese - null
[2019-12-20T21:49:43.536] [DEBUG] cheese - login => username:admin,password:123456
[2019-12-20T21:49:43.536] [DEBUG] cheese - admin
[2019-12-20T21:49:43.539] [DEBUG] cheese - null
[2019-12-20T21:49:43.540] [DEBUG] cheese - null
[2019-12-21T11:44:21.765] [DEBUG] cheese - login => username:admin,password:123456
[2019-12-21T11:44:21.766] [DEBUG] cheese - admin
[2019-12-21T11:44:21.793] [DEBUG] cheese - null
[2019-12-21T11:44:21.794] [DEBUG] cheese - null
[2019-12-21T14:13:19.559] [DEBUG] cheese - login => username:admin,password:123456
[2019-12-21T14:13:19.560] [DEBUG] cheese - admin
[2019-12-21T14:13:19.567] [DEBUG] cheese - null
[2019-12-21T14:13:19.568] [DEBUG] cheese - null
[2019-12-21T17:08:53.832] [DEBUG] cheese - login => username:admin,password:123456
[2019-12-21T17:08:53.833] [DEBUG] cheese - admin
[2019-12-21T17:08:53.838] [DEBUG] cheese - null
[2019-12-21T17:08:53.838] [DEBUG] cheese - null
[2019-12-21T17:22:53.292] [DEBUG] cheese - login => username:Unrequited,password:123456
[2019-12-21T17:22:53.292] [DEBUG] cheese - Unrequited
[2019-12-21T17:22:53.295] [DEBUG] cheese - null
[2019-12-21T17:22:53.295] [DEBUG] cheese - null
[2019-12-21T17:22:58.206] [DEBUG] cheese - login => username:Unrequited,password:123456
[2019-12-21T17:22:58.206] [DEBUG] cheese - Unrequited
[2019-12-21T17:22:58.210] [DEBUG] cheese - null
[2019-12-21T17:22:58.211] [DEBUG] cheese - null
[2019-12-21T17:23:04.152] [DEBUG] cheese - login => username:admin,password:123456
[2019-12-21T17:23:04.152] [DEBUG] cheese - admin
[2019-12-21T17:23:04.155] [DEBUG] cheese - null
[2019-12-21T17:23:04.155] [DEBUG] cheese - null
[2019-12-21T17:23:47.182] [DEBUG] cheese - login => username:Unrequited,password:123456
[2019-12-21T17:23:47.183] [DEBUG] cheese - Unrequited
[2019-12-21T17:23:47.185] [DEBUG] cheese - null
[2019-12-21T17:23:47.185] [DEBUG] cheese - null
[2019-12-21T17:23:51.840] [DEBUG] cheese - login => username:Unrequited,password:123456
[2019-12-21T17:23:51.841] [DEBUG] cheese - Unrequited
[2019-12-21T17:23:51.843] [DEBUG] cheese - null
[2019-12-21T17:23:51.844] [DEBUG] cheese - null
[2019-12-21T17:24:02.865] [DEBUG] cheese - login => username:admin,password:123456
[2019-12-21T17:24:02.865] [DEBUG] cheese - admin
[2019-12-21T17:24:02.869] [DEBUG] cheese - null
[2019-12-21T17:24:02.869] [DEBUG] cheese - null
[2019-12-21T17:24:30.980] [DEBUG] cheese - login => username:Unrequited,password:123456
[2019-12-21T17:24:30.980] [DEBUG] cheese - Unrequited
[2019-12-21T17:24:30.983] [DEBUG] cheese - null
[2019-12-21T17:24:30.983] [DEBUG] cheese - null
[2019-12-21T17:24:35.658] [DEBUG] cheese - login => username:Unrequited,password:123456
[2019-12-21T17:24:35.658] [DEBUG] cheese - Unrequited
[2019-12-21T17:24:35.660] [DEBUG] cheese - null
[2019-12-21T17:24:35.660] [DEBUG] cheese - null
[2019-12-21T17:24:43.664] [DEBUG] cheese - login => username:admin,password:123456
[2019-12-21T17:24:43.665] [DEBUG] cheese - admin
[2019-12-21T17:24:43.669] [DEBUG] cheese - null
[2019-12-21T17:24:43.669] [DEBUG] cheese - null
[2019-12-21T17:36:12.196] [DEBUG] cheese - login => username:Unrequited,password:123456
[2019-12-21T17:36:12.196] [DEBUG] cheese - Unrequited
[2019-12-21T17:36:12.199] [DEBUG] cheese - null
[2019-12-21T17:36:12.199] [DEBUG] cheese - null
[2019-12-21T17:36:15.902] [DEBUG] cheese - login => username:admin,password:123456
[2019-12-21T17:36:15.902] [DEBUG] cheese - admin
[2019-12-21T17:36:15.907] [DEBUG] cheese - null
[2019-12-21T17:36:15.907] [DEBUG] cheese - null
[2019-12-21T22:20:49.909] [DEBUG] cheese - login => username:Unrequited,password:123456
[2019-12-21T22:20:49.910] [DEBUG] cheese - Unrequited
[2019-12-21T22:20:50.058] [DEBUG] cheese - null
[2019-12-21T22:20:50.059] [DEBUG] cheese - null
[2019-12-21T22:20:52.914] [DEBUG] cheese - login => username:admin,password:123456
[2019-12-21T22:20:52.914] [DEBUG] cheese - admin
[2019-12-21T22:20:52.918] [DEBUG] cheese - null
[2019-12-21T22:20:52.918] [DEBUG] cheese - null
[2019-12-21T22:21:53.218] [DEBUG] cheese - login => username:linken,password:123456
[2019-12-21T22:21:53.219] [DEBUG] cheese - linken
[2019-12-21T22:21:53.221] [DEBUG] cheese - null
[2019-12-21T22:21:53.221] [DEBUG] cheese - null
[2019-12-21T22:21:56.044] [DEBUG] cheese - login => username:admin,password:123456
[2019-12-21T22:21:56.044] [DEBUG] cheese - admin
[2019-12-21T22:21:56.047] [DEBUG] cheese - null
[2019-12-21T22:21:56.047] [DEBUG] cheese - null
[2019-12-21T22:39:55.195] [DEBUG] cheese - login => username:admin,password:123456
[2019-12-21T22:39:55.196] [DEBUG] cheese - admin
[2019-12-21T22:39:55.198] [DEBUG] cheese - null
[2019-12-21T22:39:55.199] [DEBUG] cheese - null
[2019-12-22T09:29:35.000] [DEBUG] cheese - login => username:admin,password:123456
[2019-12-22T09:29:35.001] [DEBUG] cheese - admin
[2019-12-22T09:29:35.030] [DEBUG] cheese - null
[2019-12-22T09:29:35.030] [DEBUG] cheese - null
[2019-12-22T23:16:47.819] [DEBUG] cheese - login => username:admin,password:123456
[2019-12-22T23:16:47.822] [DEBUG] cheese - admin
[2019-12-22T23:16:47.884] [DEBUG] cheese - null
[2019-12-22T23:16:47.885] [DEBUG] cheese - null
[2019-12-23T01:17:16.894] [DEBUG] cheese - login => username:admin,password:123456
[2019-12-23T01:17:16.895] [DEBUG] cheese - admin
[2019-12-23T01:17:16.899] [DEBUG] cheese - null
[2019-12-23T01:17:16.899] [DEBUG] cheese - null
[2019-12-24T09:24:03.386] [DEBUG] cheese - login => username:admin,password:123456
[2019-12-24T09:24:03.387] [DEBUG] cheese - admin
[2019-12-24T09:24:03.413] [DEBUG] cheese - null
[2019-12-24T09:24:03.414] [DEBUG] cheese - null
[2019-12-24T09:38:11.885] [DEBUG] cheese - null
[2019-12-24T09:44:18.674] [DEBUG] cheese - null
[2019-12-24T09:48:11.584] [DEBUG] cheese - null
[2019-12-24T09:50:25.142] [DEBUG] cheese - null
[2019-12-24T09:51:58.045] [DEBUG] cheese - null
[2019-12-24T09:52:00.113] [DEBUG] cheese - null
[2019-12-24T09:52:04.064] [DEBUG] cheese - null
[2019-12-24T09:59:13.282] [DEBUG] cheese - null
[2019-12-24T14:41:05.888] [DEBUG] cheese - login => username:admin,password:123456
[2019-12-24T14:41:05.891] [DEBUG] cheese - admin
[2019-12-24T14:41:05.907] [DEBUG] cheese - null
[2019-12-24T14:41:05.907] [DEBUG] cheese - null
[2019-12-24T21:42:23.605] [DEBUG] cheese - login => username:admin,password:123456
[2019-12-24T21:42:23.609] [DEBUG] cheese - admin
[2019-12-24T21:42:23.656] [DEBUG] cheese - null
[2019-12-24T21:42:23.657] [DEBUG] cheese - null
[2019-12-24T21:57:38.572] [DEBUG] cheese - null
[2019-12-24T21:57:41.897] [DEBUG] cheese - null
[2019-12-24T22:44:06.528] [DEBUG] cheese - login => username:admin,password:123456
[2019-12-24T22:44:06.530] [DEBUG] cheese - admin
[2019-12-24T22:44:06.538] [DEBUG] cheese - null
[2019-12-24T22:44:06.539] [DEBUG] cheese - null
[2019-12-24T22:49:20.899] [DEBUG] cheese - login => username:admin,password:123456
[2019-12-24T22:49:20.899] [DEBUG] cheese - admin
[2019-12-24T22:49:20.902] [DEBUG] cheese - null
[2019-12-24T22:49:20.903] [DEBUG] cheese - null
[2019-12-25T19:38:48.367] [DEBUG] cheese - login => username:admin,password:123456
[2019-12-25T19:38:48.369] [DEBUG] cheese - admin
[2019-12-25T19:38:48.409] [DEBUG] cheese - null
[2019-12-25T19:38:48.409] [DEBUG] cheese - null
[2019-12-25T20:52:42.953] [DEBUG] cheese - login => username:admin,password:123456
[2019-12-25T20:52:42.955] [DEBUG] cheese - admin
[2019-12-25T20:52:42.959] [DEBUG] cheese - null
[2019-12-25T20:52:42.960] [DEBUG] cheese - null
[2019-12-25T20:52:59.425] [DEBUG] cheese - login => username:admin,password:123456
[2019-12-25T20:52:59.426] [DEBUG] cheese - admin
[2019-12-25T20:52:59.428] [DEBUG] cheese - null
[2019-12-25T20:52:59.428] [DEBUG] cheese - null
[2019-12-26T14:27:26.966] [DEBUG] cheese - login => username:admin,password:123456
[2019-12-26T14:27:26.968] [DEBUG] cheese - admin
[2019-12-26T14:27:26.992] [DEBUG] cheese - null
[2019-12-26T14:27:26.993] [DEBUG] cheese - null
[2019-12-26T14:42:46.933] [DEBUG] cheese - login => username:admin,password:123456
[2019-12-26T14:42:46.934] [DEBUG] cheese - admin
[2019-12-26T14:42:46.991] [DEBUG] cheese - null
[2019-12-26T14:42:46.991] [DEBUG] cheese - null
[2019-12-26T17:36:16.657] [DEBUG] cheese - login => username:admin,password:123456
[2019-12-26T17:36:16.659] [DEBUG] cheese - admin
[2019-12-26T17:36:16.664] [DEBUG] cheese - null
[2019-12-26T17:36:16.665] [DEBUG] cheese - null
[2019-12-26T17:56:55.380] [DEBUG] cheese - login => username:admin,password:123456
[2019-12-26T17:56:55.394] [DEBUG] cheese - admin
[2019-12-26T17:56:55.427] [DEBUG] cheese - null
[2019-12-26T17:56:55.427] [DEBUG] cheese - null
[2019-12-26T19:14:01.261] [DEBUG] cheese - login => username:admin,password:123456
[2019-12-26T19:14:01.263] [DEBUG] cheese - admin
[2019-12-26T19:14:01.273] [DEBUG] cheese - null
[2019-12-26T19:14:01.274] [DEBUG] cheese - null
[2019-12-26T20:42:15.294] [DEBUG] cheese - login => username:admin,password:123456
[2019-12-26T20:42:15.295] [DEBUG] cheese - admin
[2019-12-26T20:42:15.308] [DEBUG] cheese - null
[2019-12-26T20:42:15.309] [DEBUG] cheese - null
[2019-12-26T21:01:16.778] [DEBUG] cheese - login => username:admin,password:123456
[2019-12-26T21:01:16.783] [DEBUG] cheese - admin
[2019-12-26T21:01:16.795] [DEBUG] cheese - null
[2019-12-26T21:01:16.798] [DEBUG] cheese - null
[2019-12-26T21:12:24.896] [DEBUG] cheese - login => username:admin,password:123456
[2019-12-26T21:12:24.898] [DEBUG] cheese - admin
[2019-12-26T21:12:24.903] [DEBUG] cheese - null
[2019-12-26T21:12:24.903] [DEBUG] cheese - null
[2019-12-26T23:05:53.733] [DEBUG] cheese - login => username:admin,password:123456
[2019-12-26T23:05:53.734] [DEBUG] cheese - admin
[2019-12-26T23:05:53.764] [DEBUG] cheese - null
[2019-12-26T23:05:53.765] [DEBUG] cheese - null
[2019-12-27T10:27:42.751] [DEBUG] cheese - login => username:admin,password:123456
[2019-12-27T10:27:42.752] [DEBUG] cheese - admin
[2019-12-27T10:27:42.783] [DEBUG] cheese - null
[2019-12-27T10:27:42.783] [DEBUG] cheese - null
[2019-12-27T10:44:20.963] [DEBUG] cheese - login => username:admin,password:123456
[2019-12-27T10:44:20.965] [DEBUG] cheese - admin
[2019-12-27T10:44:20.970] [DEBUG] cheese - null
[2019-12-27T10:44:20.970] [DEBUG] cheese - null
[2019-12-27T15:13:36.315] [DEBUG] cheese - login => username:admin,password:123456
[2019-12-27T15:13:36.317] [DEBUG] cheese - admin
[2019-12-27T15:13:36.327] [DEBUG] cheese - null
[2019-12-27T15:13:36.328] [DEBUG] cheese - null
[2019-12-27T16:10:17.645] [DEBUG] cheese - login => username:admin,password:123456
[2019-12-27T16:10:17.647] [DEBUG] cheese - admin
[2019-12-27T16:10:17.654] [DEBUG] cheese - null
[2019-12-27T16:10:17.654] [DEBUG] cheese - null
[2019-12-27T18:26:17.322] [DEBUG] cheese - login => username:admin,password:123456
[2019-12-27T18:26:17.323] [DEBUG] cheese - admin
[2019-12-27T18:26:17.331] [DEBUG] cheese - null
[2019-12-27T18:26:17.331] [DEBUG] cheese - null
[2019-12-28T09:16:53.917] [DEBUG] cheese - login => username:admin,password:123456
[2019-12-28T09:16:53.918] [DEBUG] cheese - admin
[2019-12-28T09:16:53.937] [DEBUG] cheese - null
[2019-12-28T09:16:53.938] [DEBUG] cheese - null
[2019-12-28T09:21:41.449] [DEBUG] cheese - login => username:admin,password:123456
[2019-12-28T09:21:41.450] [DEBUG] cheese - admin
[2019-12-28T09:21:41.454] [DEBUG] cheese - null
[2019-12-28T09:21:41.455] [DEBUG] cheese - null
[2019-12-28T14:57:50.564] [DEBUG] cheese - login => username:admin,password:123456
[2019-12-28T14:57:50.565] [DEBUG] cheese - admin
[2019-12-28T14:57:50.577] [DEBUG] cheese - null
[2019-12-28T14:57:50.577] [DEBUG] cheese - null
[2019-12-28T19:10:42.258] [DEBUG] cheese - login => username:admin,password:123456
[2019-12-28T19:10:42.260] [DEBUG] cheese - admin
[2019-12-28T19:10:42.274] [DEBUG] cheese - null
[2019-12-28T19:10:42.274] [DEBUG] cheese - null
[2019-12-28T21:28:57.805] [DEBUG] cheese - null
[2019-12-28T21:31:27.132] [DEBUG] cheese - null
[2019-12-28T21:31:46.161] [DEBUG] cheese - null
[2019-12-29T17:51:41.574] [DEBUG] cheese - login => username:admin,password:123456
[2019-12-29T17:51:41.575] [DEBUG] cheese - admin
[2019-12-29T17:51:41.600] [DEBUG] cheese - null
[2019-12-29T17:51:41.600] [DEBUG] cheese - null
[2019-12-29T19:17:09.202] [DEBUG] cheese - login => username:admin,password:123456
[2019-12-29T19:17:09.203] [DEBUG] cheese - admin
[2019-12-29T19:17:09.218] [DEBUG] cheese - null
[2019-12-29T19:17:09.218] [DEBUG] cheese - null
[2019-12-29T21:03:13.231] [DEBUG] cheese - login => username:admin,password:123456
[2019-12-29T21:03:13.232] [DEBUG] cheese - admin
[2019-12-29T21:03:13.236] [DEBUG] cheese - null
[2019-12-29T21:03:13.236] [DEBUG] cheese - null
[2019-12-29T21:21:29.578] [DEBUG] cheese - login => username:Unrequited,password:123456
[2019-12-29T21:21:29.579] [DEBUG] cheese - Unrequited
[2019-12-29T21:21:29.582] [DEBUG] cheese - null
[2019-12-29T21:21:29.583] [DEBUG] cheese - null
[2019-12-29T21:22:01.662] [DEBUG] cheese - login => username:admin,password:123456
[2019-12-29T21:22:01.662] [DEBUG] cheese - admin
[2019-12-29T21:22:01.665] [DEBUG] cheese - null
[2019-12-29T21:22:01.665] [DEBUG] cheese - null
[2019-12-29T21:22:14.398] [DEBUG] cheese - login => username:Unrequited,password:123456
[2019-12-29T21:22:14.398] [DEBUG] cheese - Unrequited
[2019-12-29T21:22:14.400] [DEBUG] cheese - null
[2019-12-29T21:22:14.400] [DEBUG] cheese - null
[2019-12-29T21:22:20.681] [DEBUG] cheese - login => username:Unrequited,password:123456
[2019-12-29T21:22:20.681] [DEBUG] cheese - Unrequited
[2019-12-29T21:22:20.684] [DEBUG] cheese - null
[2019-12-29T21:22:20.684] [DEBUG] cheese - null
[2019-12-29T21:22:27.084] [DEBUG] cheese - login => username:admin,password:123456
[2019-12-29T21:22:27.084] [DEBUG] cheese - admin
[2019-12-29T21:22:27.087] [DEBUG] cheese - null
[2019-12-29T21:22:27.087] [DEBUG] cheese - null
[2019-12-30T19:54:07.424] [DEBUG] cheese - login => username:admin,password:123456
[2019-12-30T19:54:07.425] [DEBUG] cheese - admin
[2019-12-30T19:54:07.449] [DEBUG] cheese - null
[2019-12-30T19:54:07.449] [DEBUG] cheese - null
[2019-12-30T20:04:08.370] [DEBUG] cheese - login => username:admin,password:123456
[2019-12-30T20:04:08.370] [DEBUG] cheese - admin
[2019-12-30T20:04:08.373] [DEBUG] cheese - null
[2019-12-30T20:04:08.374] [DEBUG] cheese - null
[2019-12-30T20:22:35.333] [DEBUG] cheese - login => username:admin,password:123456
[2019-12-30T20:22:35.333] [DEBUG] cheese - admin
[2019-12-30T20:22:35.343] [DEBUG] cheese - null
[2019-12-30T20:22:35.343] [DEBUG] cheese - null
[2019-12-30T20:25:15.656] [DEBUG] cheese - login => username:admin,password:123456
[2019-12-30T20:25:15.657] [DEBUG] cheese - admin
[2019-12-30T20:25:15.673] [DEBUG] cheese - null
[2019-12-30T20:25:15.674] [DEBUG] cheese - null
[2019-12-30T22:55:25.750] [DEBUG] cheese - login => username:admin,password:123456
[2019-12-30T22:55:25.760] [DEBUG] cheese - admin
[2019-12-30T22:55:25.904] [DEBUG] cheese - null
[2019-12-30T22:55:25.905] [DEBUG] cheese - null
[2019-12-30T23:22:06.444] [DEBUG] cheese - login => username:admi,password:123456
[2019-12-30T23:22:06.446] [DEBUG] cheese - admi
[2019-12-30T23:22:06.457] [DEBUG] cheese - null
[2019-12-30T23:22:06.457] [DEBUG] cheese - null
[2019-12-30T23:22:14.535] [DEBUG] cheese - login => username:admin,password:123456
[2019-12-30T23:22:14.535] [DEBUG] cheese - admin
[2019-12-30T23:22:14.540] [DEBUG] cheese - null
[2019-12-30T23:22:14.541] [DEBUG] cheese - null
[2019-12-30T23:36:58.464] [DEBUG] cheese - login => username:admin,password:123456
[2019-12-30T23:36:58.465] [DEBUG] cheese - admin
[2019-12-30T23:36:58.492] [DEBUG] cheese - null
[2019-12-30T23:36:58.494] [DEBUG] cheese - null
[2019-12-30T23:38:56.590] [DEBUG] cheese - login => username:admin,password:123456
[2019-12-30T23:38:56.590] [DEBUG] cheese - admin
[2019-12-30T23:38:56.596] [DEBUG] cheese - null
[2019-12-30T23:38:56.596] [DEBUG] cheese - null
[2019-12-30T23:41:43.436] [DEBUG] cheese - login => username:admin,password:123456
[2019-12-30T23:41:43.438] [DEBUG] cheese - admin
[2019-12-30T23:41:43.448] [DEBUG] cheese - null
[2019-12-30T23:41:43.449] [DEBUG] cheese - null
[2019-12-30T23:41:45.683] [DEBUG] cheese - login => username:admin,password:123456
[2019-12-30T23:41:45.683] [DEBUG] cheese - admin
[2019-12-30T23:41:45.687] [DEBUG] cheese - null
[2019-12-30T23:41:45.687] [DEBUG] cheese - null
[2019-12-30T23:41:46.302] [DEBUG] cheese - login => username:admin,password:123456
[2019-12-30T23:41:46.302] [DEBUG] cheese - admin
[2019-12-30T23:41:46.306] [DEBUG] cheese - null
[2019-12-30T23:41:46.306] [DEBUG] cheese - null
[2019-12-30T23:41:46.493] [DEBUG] cheese - login => username:admin,password:123456
[2019-12-30T23:41:46.493] [DEBUG] cheese - admin
[2019-12-30T23:41:46.497] [DEBUG] cheese - null
[2019-12-30T23:41:46.497] [DEBUG] cheese - null
[2019-12-30T23:41:46.626] [DEBUG] cheese - login => username:admin,password:123456
[2019-12-30T23:41:46.626] [DEBUG] cheese - admin
[2019-12-30T23:41:46.630] [DEBUG] cheese - null
[2019-12-30T23:41:46.630] [DEBUG] cheese - null
[2019-12-30T23:42:06.991] [DEBUG] cheese - login => username:admin,password:123456
[2019-12-30T23:42:06.991] [DEBUG] cheese - admin
[2019-12-30T23:42:06.994] [DEBUG] cheese - null
[2019-12-30T23:42:06.994] [DEBUG] cheese - null
[2019-12-30T23:43:29.830] [DEBUG] cheese - login => username:admin,password:123456
[2019-12-30T23:43:29.830] [DEBUG] cheese - admin
[2019-12-30T23:43:29.834] [DEBUG] cheese - null
[2019-12-30T23:43:29.834] [DEBUG] cheese - null
[2019-12-30T23:43:38.124] [DEBUG] cheese - login => username:admin,password:123456
[2019-12-30T23:43:38.124] [DEBUG] cheese - admin
[2019-12-30T23:43:38.128] [DEBUG] cheese - null
[2019-12-30T23:43:38.128] [DEBUG] cheese - null
[2019-12-31T00:02:20.702] [DEBUG] cheese - login => username:admin,password:123456
[2019-12-31T00:02:20.704] [DEBUG] cheese - admin
[2019-12-31T00:02:20.715] [DEBUG] cheese - null
[2019-12-31T00:02:20.716] [DEBUG] cheese - null
[2019-12-31T00:02:37.601] [DEBUG] cheese - login => username:admin,password:123456
[2019-12-31T00:02:37.602] [DEBUG] cheese - admin
[2019-12-31T00:02:37.606] [DEBUG] cheese - null
[2019-12-31T00:02:37.606] [DEBUG] cheese - null
[2019-12-31T00:03:09.126] [DEBUG] cheese - login => username:admin,password:123456
[2019-12-31T00:03:09.126] [DEBUG] cheese - admin
[2019-12-31T00:03:09.129] [DEBUG] cheese - null
[2019-12-31T00:03:09.129] [DEBUG] cheese - null
[2019-12-31T00:11:14.969] [DEBUG] cheese - login => username:admin,password:123456
[2019-12-31T00:11:14.970] [DEBUG] cheese - admin
[2019-12-31T00:11:15.062] [DEBUG] cheese - null
[2019-12-31T00:11:15.062] [DEBUG] cheese - null
[2019-12-31T00:12:12.990] [DEBUG] cheese - login => username:admin,password:123456
[2019-12-31T00:12:12.992] [DEBUG] cheese - admin
[2019-12-31T00:12:12.998] [DEBUG] cheese - null
[2019-12-31T00:12:12.998] [DEBUG] cheese - null
[2019-12-31T00:17:15.845] [DEBUG] cheese - login => username:admin,password:123456
[2019-12-31T00:17:15.846] [DEBUG] cheese - admin
[2019-12-31T00:17:15.852] [DEBUG] cheese - null
[2019-12-31T00:17:15.852] [DEBUG] cheese - null
[2019-12-31T00:17:39.315] [DEBUG] cheese - login => username:admin,password:123456
[2019-12-31T00:17:39.315] [DEBUG] cheese - admin
[2019-12-31T00:17:39.318] [DEBUG] cheese - null
[2019-12-31T00:17:39.318] [DEBUG] cheese - null
[2019-12-31T00:17:59.553] [DEBUG] cheese - login => username:admin,password:123456
[2019-12-31T00:17:59.554] [DEBUG] cheese - admin
[2019-12-31T00:17:59.556] [DEBUG] cheese - null
[2019-12-31T00:17:59.556] [DEBUG] cheese - null
[2019-12-31T00:19:34.283] [DEBUG] cheese - login => username:admin,password:123456
[2019-12-31T00:19:34.283] [DEBUG] cheese - admin
[2019-12-31T00:19:34.286] [DEBUG] cheese - null
[2019-12-31T00:19:34.287] [DEBUG] cheese - null
[2019-12-31T00:23:52.749] [DEBUG] cheese - login => username:admin,password:123456
[2019-12-31T00:23:52.749] [DEBUG] cheese - admin
[2019-12-31T00:23:52.752] [DEBUG] cheese - null
[2019-12-31T00:23:52.752] [DEBUG] cheese - null
[2019-12-31T00:38:35.958] [DEBUG] cheese - login => username:admin,password:123456
[2019-12-31T00:38:35.958] [DEBUG] cheese - admin
[2019-12-31T00:38:35.963] [DEBUG] cheese - null
[2019-12-31T00:38:35.963] [DEBUG] cheese - null
[2019-12-31T00:53:15.965] [DEBUG] cheese - login => username:admin,password:123456
[2019-12-31T00:53:15.967] [DEBUG] cheese - admin
[2019-12-31T00:53:15.980] [DEBUG] cheese - null
[2019-12-31T00:53:15.981] [DEBUG] cheese - null
[2019-12-31T00:54:19.383] [DEBUG] cheese - login => username:admin,password:123456
[2019-12-31T00:54:19.383] [DEBUG] cheese - admin
[2019-12-31T00:54:19.386] [DEBUG] cheese - null
[2019-12-31T00:54:19.386] [DEBUG] cheese - null
[2019-12-31T00:55:39.653] [DEBUG] cheese - login => username:Unrequited,password:123456
[2019-12-31T00:55:39.655] [DEBUG] cheese - Unrequited
[2019-12-31T00:55:39.658] [DEBUG] cheese - null
[2019-12-31T00:55:39.660] [DEBUG] cheese - null
